#
# There is insufficient memory for the Java Runtime Environment to continue.
# Native memory allocation (mmap) failed to map 65536 bytes for Failed to commit metaspace.
# Possible reasons:
#   The system is out of physical RAM or swap space
#   The process is running with CompressedOops enabled, and the Java Heap may be blocking the growth of the native heap
# Possible solutions:
#   Reduce memory load on the system
#   Increase physical memory or swap space
#   Check if swap backing store is full
#   Decrease Java heap size (-Xmx/-Xms)
#   Decrease number of Java threads
#   Decrease Java thread stack sizes (-Xss)
#   Set larger code cache with -XX:ReservedCodeCacheSize=
#   JVM is running with Zero Based Compressed Oops mode in which the Java heap is
#     placed in the first 32GB address space. The Java Heap base address is the
#     maximum limit for the native heap growth. Please use -XX:HeapBaseMinAddress
#     to set the Java Heap base and to place the Java Heap above 32GB virtual address.
# This output file may be truncated or incomplete.
#
#  Out of Memory Error (virtualSpaceNode.cpp:110), pid=29176, tid=43888
#
# JRE version: Java(TM) SE Runtime Environment (17.0.2+8) (build 17.0.2+8-LTS-86)
# Java VM: Java HotSpot(TM) 64-Bit Server VM (17.0.2+8-LTS-86, mixed mode, sharing, tiered, compressed oops, compressed class ptrs, g1 gc, windows-amd64)
# No core dump will be written. Minidumps are not enabled by default on client versions of Windows
#

---------------  S U M M A R Y ------------

Command Line: -Dfile.encoding=UTF-8 -XX:+ShowCodeDetailsInExceptionMessages Proyecto.Menu_Ventas

Host: AMD Ryzen 7 4800H with Radeon Graphics         , 16 cores, 15G,  Windows 11 , 64 bit Build 22621 (10.0.22621.1)
Time: Thu Jun  9 23:04:54 2022 Hora estándar, América Central elapsed time: 2.145816 seconds (0d 0h 0m 2s)

---------------  T H R E A D  ---------------

Current thread (0x00000229d7da8400):  JavaThread "main" [_thread_in_vm, id=43888, stack(0x000000b067100000,0x000000b067200000)]

Stack: [0x000000b067100000,0x000000b067200000]
Native frames: (J=compiled Java code, j=interpreted, Vv=VM code, C=native code)
V  [jvm.dll+0x670baa]
V  [jvm.dll+0x7cfcb4]
V  [jvm.dll+0x7d145e]
V  [jvm.dll+0x7d1ac3]
V  [jvm.dll+0x242bc5]
V  [jvm.dll+0x7cbc5b]
V  [jvm.dll+0x616966]
V  [jvm.dll+0x6169ca]
V  [jvm.dll+0x6191da]
V  [jvm.dll+0x617306]
V  [jvm.dll+0x23718f]
V  [jvm.dll+0x621015]
V  [jvm.dll+0x1e7e2b]
V  [jvm.dll+0x1e8365]
V  [jvm.dll+0x1e8d9f]
V  [jvm.dll+0x1de251]
V  [jvm.dll+0x537c30]
V  [jvm.dll+0x1eea37]
V  [jvm.dll+0x74a15b]
V  [jvm.dll+0x74b502]
V  [jvm.dll+0x74b838]
V  [jvm.dll+0x23af1e]
V  [jvm.dll+0x37b2fe]
C  0x00000229e0deb817

Java frames: (J=compiled Java code, j=interpreted, Vv=VM code)
j  javax.swing.RepaintManager.setPaintManager(Ljavax/swing/RepaintManager$PaintManager;)V+4 java.desktop@17.0.2
j  javax.swing.RepaintManager.getPaintManager()Ljavax/swing/RepaintManager$PaintManager;+99 java.desktop@17.0.2
j  javax.swing.RepaintManager.doubleBufferingChanged(Ljavax/swing/JRootPane;)V+1 java.desktop@17.0.2
j  javax.swing.JRootPane.setDoubleBuffered(Z)V+18 java.desktop@17.0.2
j  javax.swing.JRootPane.<init>()V+43 java.desktop@17.0.2
j  javax.swing.JFrame.createRootPane()Ljavax/swing/JRootPane;+4 java.desktop@17.0.2
j  javax.swing.JFrame.frameInit()V+16 java.desktop@17.0.2
j  javax.swing.JFrame.<init>()V+20 java.desktop@17.0.2
j  Proyecto.Menu_Ventas.<init>()V+9
j  Proyecto.Menu_Ventas.main([Ljava/lang/String;)V+4
v  ~StubRoutines::call_stub

---------------  P R O C E S S  ---------------

Threads class SMR info:
_java_thread_list=0x00000229fdfbdb90, length=15, elements={
0x00000229d7da8400, 0x00000229fd02b630, 0x00000229fd02dff0, 0x00000229fd03f320,
0x00000229fd03fbe0, 0x00000229fd040590, 0x00000229fd040f40, 0x00000229fd041c20,
0x00000229fdc08140, 0x00000229fdc39e30, 0x00000229fdd9a9b0, 0x00000229fdda5d10,
0x00000229fdf785f0, 0x00000229fdfaef10, 0x00000229fdfb1ea0
}

Java Threads: ( => current thread )
=>0x00000229d7da8400 JavaThread "main" [_thread_in_vm, id=43888, stack(0x000000b067100000,0x000000b067200000)]
  0x00000229fd02b630 JavaThread "Reference Handler" daemon [_thread_blocked, id=33436, stack(0x000000b067800000,0x000000b067900000)]
  0x00000229fd02dff0 JavaThread "Finalizer" daemon [_thread_blocked, id=47804, stack(0x000000b067900000,0x000000b067a00000)]
  0x00000229fd03f320 JavaThread "Signal Dispatcher" daemon [_thread_blocked, id=31464, stack(0x000000b067a00000,0x000000b067b00000)]
  0x00000229fd03fbe0 JavaThread "Attach Listener" daemon [_thread_blocked, id=35860, stack(0x000000b067b00000,0x000000b067c00000)]
  0x00000229fd040590 JavaThread "Service Thread" daemon [_thread_blocked, id=10248, stack(0x000000b067c00000,0x000000b067d00000)]
  0x00000229fd040f40 JavaThread "Monitor Deflation Thread" daemon [_thread_blocked, id=15336, stack(0x000000b067d00000,0x000000b067e00000)]
  0x00000229fd041c20 JavaThread "C2 CompilerThread0" daemon [_thread_blocked, id=7568, stack(0x000000b067e00000,0x000000b067f00000)]
  0x00000229fdc08140 JavaThread "C1 CompilerThread0" daemon [_thread_blocked, id=23736, stack(0x000000b067f00000,0x000000b068000000)]
  0x00000229fdc39e30 JavaThread "Sweeper thread" daemon [_thread_blocked, id=41340, stack(0x000000b068000000,0x000000b068100000)]
  0x00000229fdd9a9b0 JavaThread "Notification Thread" daemon [_thread_blocked, id=47552, stack(0x000000b068200000,0x000000b068300000)]
  0x00000229fdda5d10 JavaThread "Common-Cleaner" daemon [_thread_blocked, id=13208, stack(0x000000b068400000,0x000000b068500000)]
  0x00000229fdf785f0 JavaThread "Java2D Disposer" daemon [_thread_blocked, id=25952, stack(0x000000b068500000,0x000000b068600000)]
  0x00000229fdfaef10 JavaThread "AWT-Shutdown" [_thread_blocked, id=30960, stack(0x000000b068600000,0x000000b068700000)]
  0x00000229fdfb1ea0 JavaThread "AWT-Windows" daemon [_thread_in_native, id=9388, stack(0x000000b068700000,0x000000b068800000)]

Other Threads:
  0x00000229fd025c90 VMThread "VM Thread" [stack: 0x000000b067700000,0x000000b067800000] [id=23116]
  0x00000229fdd9ce90 WatcherThread [stack: 0x000000b068300000,0x000000b068400000] [id=40300]
  0x00000229d7df9ae0 GCTaskThread "GC Thread#0" [stack: 0x000000b067200000,0x000000b067300000] [id=34096]
  0x00000229d7e0c090 ConcurrentGCThread "G1 Main Marker" [stack: 0x000000b067300000,0x000000b067400000] [id=32092]
  0x00000229d7e0dff0 ConcurrentGCThread "G1 Conc#0" [stack: 0x000000b067400000,0x000000b067500000] [id=39624]
  0x00000229d7e7ec50 ConcurrentGCThread "G1 Refine#0" [stack: 0x000000b067500000,0x000000b067600000] [id=48504]
  0x00000229fcedb600 ConcurrentGCThread "G1 Service" [stack: 0x000000b067600000,0x000000b067700000] [id=33932]

Threads with active compile tasks:

VM state: not at safepoint (normal execution)

VM Mutex/Monitor currently owned by a thread:  ([mutex/lock_event])
[0x00000229d7da2fc0] Metaspace_lock - owner thread: 0x00000229d7da8400

Heap address: 0x000000070a000000, size: 3936 MB, Compressed Oops mode: Zero based, Oop shift amount: 3

CDS archive(s) mapped at: [0x0000000800000000-0x0000000800bc0000-0x0000000800bc0000), size 12320768, SharedBaseAddress: 0x0000000800000000, ArchiveRelocationMode: 0.
Compressed class space mapped at: 0x0000000800c00000-0x0000000840c00000, reserved size: 1073741824
Narrow klass base: 0x0000000800000000, Narrow klass shift: 0, Narrow klass range: 0x100000000

GC Precious Log:
 CPUs: 16 total, 16 available
 Memory: 15737M
 Large Page Support: Disabled
 NUMA Support: Disabled
 Compressed Oops: Enabled (Zero based)
 Heap Region Size: 2M
 Heap Min Capacity: 8M
 Heap Initial Capacity: 246M
 Heap Max Capacity: 3936M
 Pre-touch: Disabled
 Parallel Workers: 13
 Concurrent Workers: 3
 Concurrent Refinement Workers: 13
 Periodic GC: Disabled

Heap:
 garbage-first heap   total 251904K, used 4096K [0x000000070a000000, 0x0000000800000000)
  region size 2048K, 3 young (6144K), 0 survivors (0K)
 Metaspace       used 3784K, committed 3904K, reserved 1056768K
  class space    used 392K, committed 448K, reserved 1048576K

Heap Regions: E=young(eden), S=young(survivor), O=old, HS=humongous(starts), HC=humongous(continues), CS=collection set, F=free, OA=open archive, CA=closed archive, TAMS=top-at-mark-start (previous, next)
|   0|0x000000070a000000, 0x000000070a000000, 0x000000070a200000|  0%| F|  |TAMS 0x000000070a000000, 0x000000070a000000| Untracked 
|   1|0x000000070a200000, 0x000000070a200000, 0x000000070a400000|  0%| F|  |TAMS 0x000000070a200000, 0x000000070a200000| Untracked 
|   2|0x000000070a400000, 0x000000070a400000, 0x000000070a600000|  0%| F|  |TAMS 0x000000070a400000, 0x000000070a400000| Untracked 
|   3|0x000000070a600000, 0x000000070a600000, 0x000000070a800000|  0%| F|  |TAMS 0x000000070a600000, 0x000000070a600000| Untracked 
|   4|0x000000070a800000, 0x000000070a800000, 0x000000070aa00000|  0%| F|  |TAMS 0x000000070a800000, 0x000000070a800000| Untracked 
|   5|0x000000070aa00000, 0x000000070aa00000, 0x000000070ac00000|  0%| F|  |TAMS 0x000000070aa00000, 0x000000070aa00000| Untracked 
|   6|0x000000070ac00000, 0x000000070ac00000, 0x000000070ae00000|  0%| F|  |TAMS 0x000000070ac00000, 0x000000070ac00000| Untracked 
|   7|0x000000070ae00000, 0x000000070ae00000, 0x000000070b000000|  0%| F|  |TAMS 0x000000070ae00000, 0x000000070ae00000| Untracked 
|   8|0x000000070b000000, 0x000000070b000000, 0x000000070b200000|  0%| F|  |TAMS 0x000000070b000000, 0x000000070b000000| Untracked 
|   9|0x000000070b200000, 0x000000070b200000, 0x000000070b400000|  0%| F|  |TAMS 0x000000070b200000, 0x000000070b200000| Untracked 
|  10|0x000000070b400000, 0x000000070b400000, 0x000000070b600000|  0%| F|  |TAMS 0x000000070b400000, 0x000000070b400000| Untracked 
|  11|0x000000070b600000, 0x000000070b600000, 0x000000070b800000|  0%| F|  |TAMS 0x000000070b600000, 0x000000070b600000| Untracked 
|  12|0x000000070b800000, 0x000000070b800000, 0x000000070ba00000|  0%| F|  |TAMS 0x000000070b800000, 0x000000070b800000| Untracked 
|  13|0x000000070ba00000, 0x000000070ba00000, 0x000000070bc00000|  0%| F|  |TAMS 0x000000070ba00000, 0x000000070ba00000| Untracked 
|  14|0x000000070bc00000, 0x000000070bc00000, 0x000000070be00000|  0%| F|  |TAMS 0x000000070bc00000, 0x000000070bc00000| Untracked 
|  15|0x000000070be00000, 0x000000070be00000, 0x000000070c000000|  0%| F|  |TAMS 0x000000070be00000, 0x000000070be00000| Untracked 
|  16|0x000000070c000000, 0x000000070c000000, 0x000000070c200000|  0%| F|  |TAMS 0x000000070c000000, 0x000000070c000000| Untracked 
|  17|0x000000070c200000, 0x000000070c200000, 0x000000070c400000|  0%| F|  |TAMS 0x000000070c200000, 0x000000070c200000| Untracked 
|  18|0x000000070c400000, 0x000000070c400000, 0x000000070c600000|  0%| F|  |TAMS 0x000000070c400000, 0x000000070c400000| Untracked 
|  19|0x000000070c600000, 0x000000070c600000, 0x000000070c800000|  0%| F|  |TAMS 0x000000070c600000, 0x000000070c600000| Untracked 
|  20|0x000000070c800000, 0x000000070c800000, 0x000000070ca00000|  0%| F|  |TAMS 0x000000070c800000, 0x000000070c800000| Untracked 
|  21|0x000000070ca00000, 0x000000070ca00000, 0x000000070cc00000|  0%| F|  |TAMS 0x000000070ca00000, 0x000000070ca00000| Untracked 
|  22|0x000000070cc00000, 0x000000070cc00000, 0x000000070ce00000|  0%| F|  |TAMS 0x000000070cc00000, 0x000000070cc00000| Untracked 
|  23|0x000000070ce00000, 0x000000070ce00000, 0x000000070d000000|  0%| F|  |TAMS 0x000000070ce00000, 0x000000070ce00000| Untracked 
|  24|0x000000070d000000, 0x000000070d000000, 0x000000070d200000|  0%| F|  |TAMS 0x000000070d000000, 0x000000070d000000| Untracked 
|  25|0x000000070d200000, 0x000000070d200000, 0x000000070d400000|  0%| F|  |TAMS 0x000000070d200000, 0x000000070d200000| Untracked 
|  26|0x000000070d400000, 0x000000070d400000, 0x000000070d600000|  0%| F|  |TAMS 0x000000070d400000, 0x000000070d400000| Untracked 
|  27|0x000000070d600000, 0x000000070d600000, 0x000000070d800000|  0%| F|  |TAMS 0x000000070d600000, 0x000000070d600000| Untracked 
|  28|0x000000070d800000, 0x000000070d800000, 0x000000070da00000|  0%| F|  |TAMS 0x000000070d800000, 0x000000070d800000| Untracked 
|  29|0x000000070da00000, 0x000000070da00000, 0x000000070dc00000|  0%| F|  |TAMS 0x000000070da00000, 0x000000070da00000| Untracked 
|  30|0x000000070dc00000, 0x000000070dc00000, 0x000000070de00000|  0%| F|  |TAMS 0x000000070dc00000, 0x000000070dc00000| Untracked 
|  31|0x000000070de00000, 0x000000070de00000, 0x000000070e000000|  0%| F|  |TAMS 0x000000070de00000, 0x000000070de00000| Untracked 
|  32|0x000000070e000000, 0x000000070e000000, 0x000000070e200000|  0%| F|  |TAMS 0x000000070e000000, 0x000000070e000000| Untracked 
|  33|0x000000070e200000, 0x000000070e200000, 0x000000070e400000|  0%| F|  |TAMS 0x000000070e200000, 0x000000070e200000| Untracked 
|  34|0x000000070e400000, 0x000000070e400000, 0x000000070e600000|  0%| F|  |TAMS 0x000000070e400000, 0x000000070e400000| Untracked 
|  35|0x000000070e600000, 0x000000070e600000, 0x000000070e800000|  0%| F|  |TAMS 0x000000070e600000, 0x000000070e600000| Untracked 
|  36|0x000000070e800000, 0x000000070e800000, 0x000000070ea00000|  0%| F|  |TAMS 0x000000070e800000, 0x000000070e800000| Untracked 
|  37|0x000000070ea00000, 0x000000070ea00000, 0x000000070ec00000|  0%| F|  |TAMS 0x000000070ea00000, 0x000000070ea00000| Untracked 
|  38|0x000000070ec00000, 0x000000070ec00000, 0x000000070ee00000|  0%| F|  |TAMS 0x000000070ec00000, 0x000000070ec00000| Untracked 
|  39|0x000000070ee00000, 0x000000070ee00000, 0x000000070f000000|  0%| F|  |TAMS 0x000000070ee00000, 0x000000070ee00000| Untracked 
|  40|0x000000070f000000, 0x000000070f000000, 0x000000070f200000|  0%| F|  |TAMS 0x000000070f000000, 0x000000070f000000| Untracked 
|  41|0x000000070f200000, 0x000000070f200000, 0x000000070f400000|  0%| F|  |TAMS 0x000000070f200000, 0x000000070f200000| Untracked 
|  42|0x000000070f400000, 0x000000070f400000, 0x000000070f600000|  0%| F|  |TAMS 0x000000070f400000, 0x000000070f400000| Untracked 
|  43|0x000000070f600000, 0x000000070f600000, 0x000000070f800000|  0%| F|  |TAMS 0x000000070f600000, 0x000000070f600000| Untracked 
|  44|0x000000070f800000, 0x000000070f800000, 0x000000070fa00000|  0%| F|  |TAMS 0x000000070f800000, 0x000000070f800000| Untracked 
|  45|0x000000070fa00000, 0x000000070fa00000, 0x000000070fc00000|  0%| F|  |TAMS 0x000000070fa00000, 0x000000070fa00000| Untracked 
|  46|0x000000070fc00000, 0x000000070fc00000, 0x000000070fe00000|  0%| F|  |TAMS 0x000000070fc00000, 0x000000070fc00000| Untracked 
|  47|0x000000070fe00000, 0x000000070fe00000, 0x0000000710000000|  0%| F|  |TAMS 0x000000070fe00000, 0x000000070fe00000| Untracked 
|  48|0x0000000710000000, 0x0000000710000000, 0x0000000710200000|  0%| F|  |TAMS 0x0000000710000000, 0x0000000710000000| Untracked 
|  49|0x0000000710200000, 0x0000000710200000, 0x0000000710400000|  0%| F|  |TAMS 0x0000000710200000, 0x0000000710200000| Untracked 
|  50|0x0000000710400000, 0x0000000710400000, 0x0000000710600000|  0%| F|  |TAMS 0x0000000710400000, 0x0000000710400000| Untracked 
|  51|0x0000000710600000, 0x0000000710600000, 0x0000000710800000|  0%| F|  |TAMS 0x0000000710600000, 0x0000000710600000| Untracked 
|  52|0x0000000710800000, 0x0000000710800000, 0x0000000710a00000|  0%| F|  |TAMS 0x0000000710800000, 0x0000000710800000| Untracked 
|  53|0x0000000710a00000, 0x0000000710a00000, 0x0000000710c00000|  0%| F|  |TAMS 0x0000000710a00000, 0x0000000710a00000| Untracked 
|  54|0x0000000710c00000, 0x0000000710c00000, 0x0000000710e00000|  0%| F|  |TAMS 0x0000000710c00000, 0x0000000710c00000| Untracked 
|  55|0x0000000710e00000, 0x0000000710e00000, 0x0000000711000000|  0%| F|  |TAMS 0x0000000710e00000, 0x0000000710e00000| Untracked 
|  56|0x0000000711000000, 0x0000000711000000, 0x0000000711200000|  0%| F|  |TAMS 0x0000000711000000, 0x0000000711000000| Untracked 
|  57|0x0000000711200000, 0x0000000711200000, 0x0000000711400000|  0%| F|  |TAMS 0x0000000711200000, 0x0000000711200000| Untracked 
|  58|0x0000000711400000, 0x0000000711400000, 0x0000000711600000|  0%| F|  |TAMS 0x0000000711400000, 0x0000000711400000| Untracked 
|  59|0x0000000711600000, 0x0000000711600000, 0x0000000711800000|  0%| F|  |TAMS 0x0000000711600000, 0x0000000711600000| Untracked 
|  60|0x0000000711800000, 0x0000000711800000, 0x0000000711a00000|  0%| F|  |TAMS 0x0000000711800000, 0x0000000711800000| Untracked 
|  61|0x0000000711a00000, 0x0000000711a00000, 0x0000000711c00000|  0%| F|  |TAMS 0x0000000711a00000, 0x0000000711a00000| Untracked 
|  62|0x0000000711c00000, 0x0000000711c00000, 0x0000000711e00000|  0%| F|  |TAMS 0x0000000711c00000, 0x0000000711c00000| Untracked 
|  63|0x0000000711e00000, 0x0000000711e00000, 0x0000000712000000|  0%| F|  |TAMS 0x0000000711e00000, 0x0000000711e00000| Untracked 
|  64|0x0000000712000000, 0x0000000712000000, 0x0000000712200000|  0%| F|  |TAMS 0x0000000712000000, 0x0000000712000000| Untracked 
|  65|0x0000000712200000, 0x0000000712200000, 0x0000000712400000|  0%| F|  |TAMS 0x0000000712200000, 0x0000000712200000| Untracked 
|  66|0x0000000712400000, 0x0000000712400000, 0x0000000712600000|  0%| F|  |TAMS 0x0000000712400000, 0x0000000712400000| Untracked 
|  67|0x0000000712600000, 0x0000000712600000, 0x0000000712800000|  0%| F|  |TAMS 0x0000000712600000, 0x0000000712600000| Untracked 
|  68|0x0000000712800000, 0x0000000712800000, 0x0000000712a00000|  0%| F|  |TAMS 0x0000000712800000, 0x0000000712800000| Untracked 
|  69|0x0000000712a00000, 0x0000000712a00000, 0x0000000712c00000|  0%| F|  |TAMS 0x0000000712a00000, 0x0000000712a00000| Untracked 
|  70|0x0000000712c00000, 0x0000000712c00000, 0x0000000712e00000|  0%| F|  |TAMS 0x0000000712c00000, 0x0000000712c00000| Untracked 
|  71|0x0000000712e00000, 0x0000000712e00000, 0x0000000713000000|  0%| F|  |TAMS 0x0000000712e00000, 0x0000000712e00000| Untracked 
|  72|0x0000000713000000, 0x0000000713000000, 0x0000000713200000|  0%| F|  |TAMS 0x0000000713000000, 0x0000000713000000| Untracked 
|  73|0x0000000713200000, 0x0000000713200000, 0x0000000713400000|  0%| F|  |TAMS 0x0000000713200000, 0x0000000713200000| Untracked 
|  74|0x0000000713400000, 0x0000000713400000, 0x0000000713600000|  0%| F|  |TAMS 0x0000000713400000, 0x0000000713400000| Untracked 
|  75|0x0000000713600000, 0x0000000713600000, 0x0000000713800000|  0%| F|  |TAMS 0x0000000713600000, 0x0000000713600000| Untracked 
|  76|0x0000000713800000, 0x0000000713800000, 0x0000000713a00000|  0%| F|  |TAMS 0x0000000713800000, 0x0000000713800000| Untracked 
|  77|0x0000000713a00000, 0x0000000713a00000, 0x0000000713c00000|  0%| F|  |TAMS 0x0000000713a00000, 0x0000000713a00000| Untracked 
|  78|0x0000000713c00000, 0x0000000713c00000, 0x0000000713e00000|  0%| F|  |TAMS 0x0000000713c00000, 0x0000000713c00000| Untracked 
|  79|0x0000000713e00000, 0x0000000713e00000, 0x0000000714000000|  0%| F|  |TAMS 0x0000000713e00000, 0x0000000713e00000| Untracked 
|  80|0x0000000714000000, 0x0000000714000000, 0x0000000714200000|  0%| F|  |TAMS 0x0000000714000000, 0x0000000714000000| Untracked 
|  81|0x0000000714200000, 0x0000000714200000, 0x0000000714400000|  0%| F|  |TAMS 0x0000000714200000, 0x0000000714200000| Untracked 
|  82|0x0000000714400000, 0x0000000714400000, 0x0000000714600000|  0%| F|  |TAMS 0x0000000714400000, 0x0000000714400000| Untracked 
|  83|0x0000000714600000, 0x0000000714600000, 0x0000000714800000|  0%| F|  |TAMS 0x0000000714600000, 0x0000000714600000| Untracked 
|  84|0x0000000714800000, 0x0000000714800000, 0x0000000714a00000|  0%| F|  |TAMS 0x0000000714800000, 0x0000000714800000| Untracked 
|  85|0x0000000714a00000, 0x0000000714a00000, 0x0000000714c00000|  0%| F|  |TAMS 0x0000000714a00000, 0x0000000714a00000| Untracked 
|  86|0x0000000714c00000, 0x0000000714c00000, 0x0000000714e00000|  0%| F|  |TAMS 0x0000000714c00000, 0x0000000714c00000| Untracked 
|  87|0x0000000714e00000, 0x0000000714e00000, 0x0000000715000000|  0%| F|  |TAMS 0x0000000714e00000, 0x0000000714e00000| Untracked 
|  88|0x0000000715000000, 0x0000000715000000, 0x0000000715200000|  0%| F|  |TAMS 0x0000000715000000, 0x0000000715000000| Untracked 
|  89|0x0000000715200000, 0x0000000715200000, 0x0000000715400000|  0%| F|  |TAMS 0x0000000715200000, 0x0000000715200000| Untracked 
|  90|0x0000000715400000, 0x0000000715400000, 0x0000000715600000|  0%| F|  |TAMS 0x0000000715400000, 0x0000000715400000| Untracked 
|  91|0x0000000715600000, 0x0000000715600000, 0x0000000715800000|  0%| F|  |TAMS 0x0000000715600000, 0x0000000715600000| Untracked 
|  92|0x0000000715800000, 0x0000000715800000, 0x0000000715a00000|  0%| F|  |TAMS 0x0000000715800000, 0x0000000715800000| Untracked 
|  93|0x0000000715a00000, 0x0000000715a00000, 0x0000000715c00000|  0%| F|  |TAMS 0x0000000715a00000, 0x0000000715a00000| Untracked 
|  94|0x0000000715c00000, 0x0000000715c00000, 0x0000000715e00000|  0%| F|  |TAMS 0x0000000715c00000, 0x0000000715c00000| Untracked 
|  95|0x0000000715e00000, 0x0000000715e00000, 0x0000000716000000|  0%| F|  |TAMS 0x0000000715e00000, 0x0000000715e00000| Untracked 
|  96|0x0000000716000000, 0x0000000716000000, 0x0000000716200000|  0%| F|  |TAMS 0x0000000716000000, 0x0000000716000000| Untracked 
|  97|0x0000000716200000, 0x0000000716200000, 0x0000000716400000|  0%| F|  |TAMS 0x0000000716200000, 0x0000000716200000| Untracked 
|  98|0x0000000716400000, 0x0000000716400000, 0x0000000716600000|  0%| F|  |TAMS 0x0000000716400000, 0x0000000716400000| Untracked 
|  99|0x0000000716600000, 0x0000000716600000, 0x0000000716800000|  0%| F|  |TAMS 0x0000000716600000, 0x0000000716600000| Untracked 
| 100|0x0000000716800000, 0x0000000716800000, 0x0000000716a00000|  0%| F|  |TAMS 0x0000000716800000, 0x0000000716800000| Untracked 
| 101|0x0000000716a00000, 0x0000000716a00000, 0x0000000716c00000|  0%| F|  |TAMS 0x0000000716a00000, 0x0000000716a00000| Untracked 
| 102|0x0000000716c00000, 0x0000000716c00000, 0x0000000716e00000|  0%| F|  |TAMS 0x0000000716c00000, 0x0000000716c00000| Untracked 
| 103|0x0000000716e00000, 0x0000000716e00000, 0x0000000717000000|  0%| F|  |TAMS 0x0000000716e00000, 0x0000000716e00000| Untracked 
| 104|0x0000000717000000, 0x0000000717000000, 0x0000000717200000|  0%| F|  |TAMS 0x0000000717000000, 0x0000000717000000| Untracked 
| 105|0x0000000717200000, 0x0000000717200000, 0x0000000717400000|  0%| F|  |TAMS 0x0000000717200000, 0x0000000717200000| Untracked 
| 106|0x0000000717400000, 0x0000000717400000, 0x0000000717600000|  0%| F|  |TAMS 0x0000000717400000, 0x0000000717400000| Untracked 
| 107|0x0000000717600000, 0x0000000717600000, 0x0000000717800000|  0%| F|  |TAMS 0x0000000717600000, 0x0000000717600000| Untracked 
| 108|0x0000000717800000, 0x0000000717800000, 0x0000000717a00000|  0%| F|  |TAMS 0x0000000717800000, 0x0000000717800000| Untracked 
| 109|0x0000000717a00000, 0x0000000717a00000, 0x0000000717c00000|  0%| F|  |TAMS 0x0000000717a00000, 0x0000000717a00000| Untracked 
| 110|0x0000000717c00000, 0x0000000717c00000, 0x0000000717e00000|  0%| F|  |TAMS 0x0000000717c00000, 0x0000000717c00000| Untracked 
| 111|0x0000000717e00000, 0x0000000717e00000, 0x0000000718000000|  0%| F|  |TAMS 0x0000000717e00000, 0x0000000717e00000| Untracked 
| 112|0x0000000718000000, 0x0000000718000000, 0x0000000718200000|  0%| F|  |TAMS 0x0000000718000000, 0x0000000718000000| Untracked 
| 113|0x0000000718200000, 0x0000000718200000, 0x0000000718400000|  0%| F|  |TAMS 0x0000000718200000, 0x0000000718200000| Untracked 
| 114|0x0000000718400000, 0x0000000718400000, 0x0000000718600000|  0%| F|  |TAMS 0x0000000718400000, 0x0000000718400000| Untracked 
| 115|0x0000000718600000, 0x0000000718600000, 0x0000000718800000|  0%| F|  |TAMS 0x0000000718600000, 0x0000000718600000| Untracked 
| 116|0x0000000718800000, 0x0000000718800000, 0x0000000718a00000|  0%| F|  |TAMS 0x0000000718800000, 0x0000000718800000| Untracked 
| 117|0x0000000718a00000, 0x0000000718a00000, 0x0000000718c00000|  0%| F|  |TAMS 0x0000000718a00000, 0x0000000718a00000| Untracked 
| 118|0x0000000718c00000, 0x0000000718c00000, 0x0000000718e00000|  0%| F|  |TAMS 0x0000000718c00000, 0x0000000718c00000| Untracked 
| 119|0x0000000718e00000, 0x0000000718e00000, 0x0000000719000000|  0%| F|  |TAMS 0x0000000718e00000, 0x0000000718e00000| Untracked 
| 120|0x0000000719000000, 0x00000007190e1e40, 0x0000000719200000| 44%| E|  |TAMS 0x0000000719000000, 0x0000000719000000| Complete 
| 121|0x0000000719200000, 0x0000000719400000, 0x0000000719400000|100%| E|CS|TAMS 0x0000000719200000, 0x0000000719200000| Complete 
| 122|0x0000000719400000, 0x0000000719600000, 0x0000000719600000|100%| E|CS|TAMS 0x0000000719400000, 0x0000000719400000| Complete 

Card table byte_map: [0x00000229f1550000,0x00000229f1d00000] _byte_map_base: 0x00000229edd00000

Marking Bits (Prev, Next): (CMBitMap*) 0x00000229d7dfc000, (CMBitMap*) 0x00000229d7dfc040
 Prev Bits: [0x00000229f24b0000, 0x00000229f6230000)
 Next Bits: [0x00000229f6230000, 0x00000229f9fb0000)

Polling page: 0x00000229e0db0000

Metaspace:

Usage:
  Non-class:      3.31 MB used.
      Class:    392.77 KB used.
       Both:      3.70 MB used.

Virtual space:
  Non-class space:        8.00 MB reserved,       3.38 MB ( 42%) committed,  1 nodes.
      Class space:        1.00 GB reserved,     448.00 KB ( <1%) committed,  1 nodes.
             Both:        1.01 GB reserved,       3.81 MB ( <1%) committed. 

Chunk freelists:
   Non-Class:  3.92 MB
       Class:  3.58 MB
        Both:  7.50 MB

MaxMetaspaceSize: unlimited
CompressedClassSpaceSize: 1.00 GB
Initial GC threshold: 21.00 MB
Current GC threshold: 21.00 MB
CDS: on
MetaspaceReclaimPolicy: balanced
 - commit_granule_bytes: 65536.
 - commit_granule_words: 8192.
 - virtual_space_node_default_size: 1048576.
 - enlarge_chunks_in_place: 1.
 - new_chunks_are_fully_committed: 0.
 - uncommit_free_chunks: 1.
 - use_allocation_guard: 0.
 - handle_deallocations: 1.


Internal statistics:

num_allocs_failed_limit: 0.
num_arena_births: 86.
num_arena_deaths: 0.
num_vsnodes_births: 2.
num_vsnodes_deaths: 0.
num_space_committed: 61.
num_space_uncommitted: 0.
num_chunks_returned_to_freelist: 0.
num_chunks_taken_from_freelist: 111.
num_chunk_merges: 0.
num_chunk_splits: 64.
num_chunks_enlarged: 19.
num_purges: 0.
num_inconsistent_stats: 0.

CodeHeap 'non-profiled nmethods': size=119168Kb used=119Kb max_used=119Kb free=119048Kb
 bounds [0x00000229e8970000, 0x00000229e8be0000, 0x00000229efdd0000]
CodeHeap 'profiled nmethods': size=119104Kb used=739Kb max_used=739Kb free=118364Kb
 bounds [0x00000229e1520000, 0x00000229e1790000, 0x00000229e8970000]
CodeHeap 'non-nmethods': size=7488Kb used=1181Kb max_used=1742Kb free=6306Kb
 bounds [0x00000229e0dd0000, 0x00000229e1040000, 0x00000229e1520000]
 total_blobs=962 nmethods=481 adapters=394
 compilation: enabled
              stopped_count=0, restarted_count=0
 full_count=0

Compilation events (20 events):
Event: 2.139 Thread 0x00000229fdc08140 nmethod 471 0x00000229e15d2a10 code [0x00000229e15d2be0, 0x00000229e15d2f18]
Event: 2.139 Thread 0x00000229fdc08140  473       3       java.lang.CharacterData::of (136 bytes)
Event: 2.139 Thread 0x00000229fdc08140 nmethod 473 0x00000229e15d3010 code [0x00000229e15d3240, 0x00000229e15d3bd8]
Event: 2.139 Thread 0x00000229fdc08140  474       3       java.util.HashMap::putVal (300 bytes)
Event: 2.139 Thread 0x00000229fd041c20 nmethod 472 0x00000229e898dc10 code [0x00000229e898dd80, 0x00000229e898de18]
Event: 2.140 Thread 0x00000229fdc08140 nmethod 474 0x00000229e15d3e10 code [0x00000229e15d40a0, 0x00000229e15d5338]
Event: 2.140 Thread 0x00000229fdc08140  476       3       java.util.HashMap::get (19 bytes)
Event: 2.140 Thread 0x00000229fdc08140 nmethod 476 0x00000229e15d5810 code [0x00000229e15d59c0, 0x00000229e15d5b88]
Event: 2.140 Thread 0x00000229fdc08140  477       3       java.lang.String::startsWith (138 bytes)
Event: 2.140 Thread 0x00000229fdc08140 nmethod 477 0x00000229e15d5c90 code [0x00000229e15d5ea0, 0x00000229e15d6738]
Event: 2.140 Thread 0x00000229fdc08140  475       3       java.util.HashMap$KeyIterator::next (8 bytes)
Event: 2.140 Thread 0x00000229fdc08140 nmethod 475 0x00000229e15d6a10 code [0x00000229e15d6bc0, 0x00000229e15d6d08]
Event: 2.140 Thread 0x00000229fdc08140  478       3       java.lang.String::endsWith (15 bytes)
Event: 2.141 Thread 0x00000229fdc08140 nmethod 478 0x00000229e15d6e10 code [0x00000229e15d6fe0, 0x00000229e15d7328]
Event: 2.141 Thread 0x00000229fdc08140  479       3       sun.util.ResourceBundleEnumeration::hasMoreElements (117 bytes)
Event: 2.141 Thread 0x00000229fdc08140 nmethod 479 0x00000229e15d7510 code [0x00000229e15d7740, 0x00000229e15d8248]
Event: 2.142 Thread 0x00000229fdc08140  480       3       java.lang.StringConcatHelper::prepend (37 bytes)
Event: 2.143 Thread 0x00000229fdc08140 nmethod 480 0x00000229e15d8490 code [0x00000229e15d8660, 0x00000229e15d8938]
Event: 2.143 Thread 0x00000229fdc08140  481       3       java.lang.StringConcatHelper::checkOverflow (17 bytes)
Event: 2.143 Thread 0x00000229fdc08140 nmethod 481 0x00000229e15d8a90 code [0x00000229e15d8c40, 0x00000229e15d8e28]

GC Heap History (0 events):
No events

Deoptimization events (0 events):
No events

Classes unloaded (0 events):
No events

Classes redefined (0 events):
No events

Internal exceptions (10 events):
Event: 1.007 Thread 0x00000229d7da8400 Exception <a 'java/lang/ClassNotFoundException'{0x00000007192334b8}: sun/awt/resources/spi/awtProvider> (0x00000007192334b8) 
thrown [t:\workspace\open\src\hotspot\share\classfile\systemDictionary.cpp, line 256]
Event: 1.040 Thread 0x00000229d7da8400 Exception <a 'java/io/FileNotFoundException'{0x000000071928c1d8}> (0x000000071928c1d8) 
thrown [t:\workspace\open\src\hotspot\share\prims\jni.cpp, line 516]
Event: 1.051 Thread 0x00000229d7da8400 Exception <a 'java/io/FileNotFoundException'{0x00000007192b9110}> (0x00000007192b9110) 
thrown [t:\workspace\open\src\hotspot\share\prims\jni.cpp, line 516]
Event: 1.119 Thread 0x00000229d7da8400 Exception <a 'java/lang/NoSuchMethodError'{0x00000007192f9070}: 'java.lang.Object java.lang.invoke.DirectMethodHandle$Holder.invokeStaticInit(java.lang.Object)'> (0x00000007192f9070) 
thrown [t:\workspace\open\src\hotspot\share\interpreter\linkResolver.cpp, line 766]
Event: 2.088 Thread 0x00000229d7da8400 Exception <a 'java/lang/NoSuchMethodError'{0x0000000719343d68}: 'void java.lang.invoke.DirectMethodHandle$Holder.invokeSpecial(java.lang.Object, java.lang.Object, java.lang.Object)'> (0x0000000719343d68) 
thrown [t:\workspace\open\src\hotspot\share\interpreter\linkResolver.cpp, line 766]
Event: 2.099 Thread 0x00000229d7da8400 Exception <a 'java/lang/NoSuchMethodError'{0x00000007193dec10}: 'java.lang.Object java.lang.invoke.DirectMethodHandle$Holder.newInvokeSpecial(java.lang.Object, java.lang.Object, java.lang.Object, java.lang.Object, java.lang.Object)'> (0x00000007193dec10) 
thrown [t:\workspace\open\src\hotspot\share\interpreter\linkResolver.cpp, line 766]
Event: 2.102 Thread 0x00000229d7da8400 Exception <a 'java/lang/NoSuchMethodError'{0x00000007193ea5d8}: 'java.lang.Object java.lang.invoke.DirectMethodHandle$Holder.invokeStatic(java.lang.Object, int, java.lang.Object, java.lang.Object, java.lang.Object, java.lang.Object)'> (0x00000007193ea5d8) 
thrown [t:\workspace\open\src\hotspot\share\interpreter\linkResolver.cpp, line 766]
Event: 2.107 Thread 0x00000229d7da8400 Exception <a 'java/lang/NoSuchMethodError'{0x0000000719010338}: 'java.lang.Object java.lang.invoke.DirectMethodHandle$Holder.invokeStatic(java.lang.Object, int, java.lang.Object)'> (0x0000000719010338) 
thrown [t:\workspace\open\src\hotspot\share\interpreter\linkResolver.cpp, line 766]
Event: 2.137 Thread 0x00000229d7da8400 Exception <a 'java/lang/ClassNotFoundException'{0x00000007190c7c28}: com/sun/swing/internal/plaf/metal/resources/spi/metalProvider> (0x00000007190c7c28) 
thrown [t:\workspace\open\src\hotspot\share\classfile\systemDictionary.cpp, line 256]
Event: 2.138 Thread 0x00000229d7da8400 Exception <a 'java/lang/ClassNotFoundException'{0x00000007190cbab0}: com/sun/swing/internal/plaf/basic/resources/spi/basicProvider> (0x00000007190cbab0) 
thrown [t:\workspace\open\src\hotspot\share\classfile\systemDictionary.cpp, line 256]

VM Operations (4 events):
Event: 1.850 Executing VM operation: Cleanup
Event: 1.850 Executing VM operation: Cleanup done
Event: 2.137 Executing VM operation: HandshakeAllThreads
Event: 2.137 Executing VM operation: HandshakeAllThreads done

Events (20 events):
Event: 2.140 loading class javax/swing/plaf/PanelUI
Event: 2.140 loading class javax/swing/plaf/ComponentUI
Event: 2.140 loading class javax/swing/plaf/ComponentUI done
Event: 2.140 loading class javax/swing/plaf/PanelUI done
Event: 2.140 loading class javax/swing/plaf/basic/BasicPanelUI done
Event: 2.140 loading class java/awt/Component$BaselineResizeBehavior
Event: 2.140 loading class java/awt/Component$BaselineResizeBehavior done
Event: 2.140 loading class javax/swing/RepaintManager$ProcessingRunnable
Event: 2.140 loading class javax/swing/RepaintManager$ProcessingRunnable done
Event: 2.140 loading class com/sun/java/swing/SwingUtilities3
Event: 2.140 loading class com/sun/java/swing/SwingUtilities3 done
Event: 2.141 loading class javax/swing/JLayeredPane
Event: 2.142 loading class javax/swing/JLayeredPane done
Event: 2.143 loading class javax/swing/JRootPane$1
Event: 2.143 loading class javax/swing/JRootPane$1 done
Event: 2.143 loading class javax/swing/ArrayTable
Event: 2.143 loading class javax/swing/ArrayTable done
Event: 2.143 loading class javax/swing/JRootPane$RootLayout
Event: 2.143 loading class javax/swing/JRootPane$RootLayout done
Event: 2.143 loading class javax/swing/RepaintManager$PaintManager


Dynamic libraries:
0x00007ff7b3410000 - 0x00007ff7b3420000 	C:\Program Files\Java\jdk-17.0.2\bin\javaw.exe
0x00007ffd82af0000 - 0x00007ffd82d04000 	C:\WINDOWS\SYSTEM32\ntdll.dll
0x00007ffd81960000 - 0x00007ffd81a22000 	C:\WINDOWS\System32\KERNEL32.DLL
0x00007ffd804f0000 - 0x00007ffd8088c000 	C:\WINDOWS\System32\KERNELBASE.dll
0x00007ffd80260000 - 0x00007ffd80371000 	C:\WINDOWS\System32\ucrtbase.dll
0x00007ffd6ce80000 - 0x00007ffd6ce98000 	C:\Program Files\Java\jdk-17.0.2\bin\jli.dll
0x00007ffd6ec70000 - 0x00007ffd6ec8a000 	C:\Program Files\Java\jdk-17.0.2\bin\VCRUNTIME140.dll
0x00007ffd81390000 - 0x00007ffd8143e000 	C:\WINDOWS\System32\ADVAPI32.dll
0x00007ffd81440000 - 0x00007ffd814e7000 	C:\WINDOWS\System32\msvcrt.dll
0x00007ffd812e0000 - 0x00007ffd81384000 	C:\WINDOWS\System32\sechost.dll
0x00007ffd82440000 - 0x00007ffd82555000 	C:\WINDOWS\System32\RPCRT4.dll
0x00007ffd81ab0000 - 0x00007ffd81c5b000 	C:\WINDOWS\System32\USER32.dll
0x00007ffd7ff40000 - 0x00007ffd7ff66000 	C:\WINDOWS\System32\win32u.dll
0x00007ffd82680000 - 0x00007ffd826a9000 	C:\WINDOWS\System32\GDI32.dll
0x00007ffd80080000 - 0x00007ffd80192000 	C:\WINDOWS\System32\gdi32full.dll
0x00007ffd6a630000 - 0x00007ffd6a8be000 	C:\WINDOWS\WinSxS\amd64_microsoft.windows.common-controls_6595b64144ccf1df_6.0.22621.1_none_60e502bd9af5bef0\COMCTL32.dll
0x00007ffd7ff70000 - 0x00007ffd8000a000 	C:\WINDOWS\System32\msvcp_win.dll
0x00007ffd77d70000 - 0x00007ffd77d7a000 	C:\WINDOWS\SYSTEM32\VERSION.dll
0x00007ffd82380000 - 0x00007ffd823b1000 	C:\WINDOWS\System32\IMM32.DLL
0x00007ffd715c0000 - 0x00007ffd715cc000 	C:\Program Files\Java\jdk-17.0.2\bin\vcruntime140_1.dll
0x00007ffd57780000 - 0x00007ffd5780d000 	C:\Program Files\Java\jdk-17.0.2\bin\msvcp140.dll
0x00007ffd25a40000 - 0x00007ffd26601000 	C:\Program Files\Java\jdk-17.0.2\bin\server\jvm.dll
0x00007ffd812d0000 - 0x00007ffd812d8000 	C:\WINDOWS\System32\PSAPI.DLL
0x00007ffd78450000 - 0x00007ffd78484000 	C:\WINDOWS\SYSTEM32\WINMM.dll
0x00007ffd7b270000 - 0x00007ffd7b279000 	C:\WINDOWS\SYSTEM32\WSOCK32.dll
0x00007ffd82200000 - 0x00007ffd82271000 	C:\WINDOWS\System32\WS2_32.dll
0x00007ffd7efb0000 - 0x00007ffd7efc8000 	C:\WINDOWS\SYSTEM32\kernel.appcore.dll
0x00007ffd71420000 - 0x00007ffd7142a000 	C:\Program Files\Java\jdk-17.0.2\bin\jimage.dll
0x00007ffd75160000 - 0x00007ffd7538e000 	C:\WINDOWS\SYSTEM32\DBGHELP.DLL
0x00007ffd826c0000 - 0x00007ffd82a49000 	C:\WINDOWS\System32\combase.dll
0x00007ffd80910000 - 0x00007ffd809e7000 	C:\WINDOWS\System32\OLEAUT32.dll
0x00007ffd6b030000 - 0x00007ffd6b062000 	C:\WINDOWS\SYSTEM32\dbgcore.DLL
0x00007ffd80890000 - 0x00007ffd8090b000 	C:\WINDOWS\System32\bcryptPrimitives.dll
0x00007ffd6ce50000 - 0x00007ffd6ce75000 	C:\Program Files\Java\jdk-17.0.2\bin\java.dll
0x00007ffd4cba0000 - 0x00007ffd4cc76000 	C:\Program Files\Java\jdk-17.0.2\bin\jsvml.dll
0x00007ffd809f0000 - 0x00007ffd811c8000 	C:\WINDOWS\System32\SHELL32.dll
0x00007ffd7df30000 - 0x00007ffd7e7e8000 	C:\WINDOWS\SYSTEM32\windows.storage.dll
0x00007ffd7ddf0000 - 0x00007ffd7df2d000 	C:\WINDOWS\SYSTEM32\wintypes.dll
0x00007ffd811d0000 - 0x00007ffd812c1000 	C:\WINDOWS\System32\SHCORE.dll
0x00007ffd823c0000 - 0x00007ffd8241e000 	C:\WINDOWS\System32\shlwapi.dll
0x00007ffd7fe70000 - 0x00007ffd7fe91000 	C:\WINDOWS\SYSTEM32\profapi.dll
0x00007ffd6bae0000 - 0x00007ffd6baf9000 	C:\Program Files\Java\jdk-17.0.2\bin\net.dll
0x00007ffd7a940000 - 0x00007ffd7aa6f000 	C:\WINDOWS\SYSTEM32\WINHTTP.dll
0x00007ffd7f480000 - 0x00007ffd7f4e9000 	C:\WINDOWS\system32\mswsock.dll
0x00007ffd6bac0000 - 0x00007ffd6bad6000 	C:\Program Files\Java\jdk-17.0.2\bin\nio.dll
0x00007ffd6ba90000 - 0x00007ffd6baa8000 	C:\Program Files\Java\jdk-17.0.2\bin\zip.dll
0x00007ffd43460000 - 0x00007ffd435ef000 	C:\Program Files\Java\jdk-17.0.2\bin\awt.dll
0x00007ffd7d3e0000 - 0x00007ffd7d476000 	C:\WINDOWS\SYSTEM32\apphelp.dll
0x00007ffd7d6f0000 - 0x00007ffd7d71b000 	C:\WINDOWS\system32\DWMAPI.DLL
0x00007ffd7d4c0000 - 0x00007ffd7d56b000 	C:\WINDOWS\system32\uxtheme.dll
0x00007ffd4bb90000 - 0x00007ffd4bc90000 	C:\WINDOWS\system32\opengl32.dll
0x00007ffd6ba60000 - 0x00007ffd6ba8d000 	C:\WINDOWS\SYSTEM32\GLU32.dll
0x00007ffd7d5a0000 - 0x00007ffd7d5d6000 	C:\WINDOWS\SYSTEM32\dxcore.dll
0x00007ffd5d820000 - 0x00007ffd5d951000 	C:\ProgramData\A-Volute\DellInc.AlienwareSoundCenter\Modules\ScheduledModules\x64\AudioDevProps2.dll
0x00007ffd817c0000 - 0x00007ffd8195c000 	C:\WINDOWS\System32\ole32.dll
0x00007ffd5ddc0000 - 0x00007ffd5de6e000 	C:\ProgramData\A-Volute\DellInc.AlienwareSoundCenter\Modules\ScheduledModules\x64\NahimicOSD.dll
0x00007ffd79840000 - 0x00007ffd79861000 	C:\ProgramData\A-Volute\DellInc.AlienwareSoundCenter\Modules\ScheduledModules\x64\ProductInfo.dll
0x00007ffd820e0000 - 0x00007ffd821fe000 	C:\WINDOWS\System32\MSCTF.dll
0x00007ffd40740000 - 0x00007ffd408e8000 	C:\WINDOWS\system32\d3d9.dll
0x00007ffd77f60000 - 0x00007ffd78118000 	C:\Windows\System32\DriverStore\FileRepository\u0371630.inf_amd64_a96c9babfd295d6e\B371320\aticfx64.dll
0x00007ffd4b630000 - 0x00007ffd4b664000 	C:\Windows\System32\DriverStore\FileRepository\u0371630.inf_amd64_a96c9babfd295d6e\B371320\atiu9p64.dll
0x00007ffd385f0000 - 0x00007ffd39344000 	C:\Windows\System32\DriverStore\FileRepository\u0371630.inf_amd64_a96c9babfd295d6e\B371320\atiumd64.dll
0x00000000622e0000 - 0x0000000063155000 	C:\WINDOWS\System32\DriverStore\FileRepository\u0371630.inf_amd64_a96c9babfd295d6e\B371320\atiumd6a.dll
0x00007ffd81c60000 - 0x00007ffd820d4000 	C:\WINDOWS\System32\SETUPAPI.dll
0x00007ffd7f8f0000 - 0x00007ffd7f93d000 	C:\WINDOWS\SYSTEM32\POWRPROF.dll
0x00007ffd7f8a0000 - 0x00007ffd7f8b3000 	C:\WINDOWS\SYSTEM32\UMPDC.dll
0x00007ffd77d40000 - 0x00007ffd77d70000 	C:\WINDOWS\SYSTEM32\amdihk64.dll
0x00007ffd7b110000 - 0x00007ffd7b158000 	C:\WINDOWS\SYSTEM32\directxdatabasehelper.dll
0x00007ffd33e80000 - 0x00007ffd35d63000 	C:\Windows\System32\DriverStore\FileRepository\u0371630.inf_amd64_a96c9babfd295d6e\B371320\amdxn64.dll
0x00007ffd7d5e0000 - 0x00007ffd7d6d6000 	C:\WINDOWS\SYSTEM32\dxgi.dll

dbghelp: loaded successfully - version: 4.0.5 - missing functions: none
symbol engine: initialized successfully - sym options: 0x614 - pdb path: .;C:\Program Files\Java\jdk-17.0.2\bin;C:\WINDOWS\SYSTEM32;C:\WINDOWS\WinSxS\amd64_microsoft.windows.common-controls_6595b64144ccf1df_6.0.22621.1_none_60e502bd9af5bef0;C:\Program Files\Java\jdk-17.0.2\bin\server;C:\ProgramData\A-Volute\DellInc.AlienwareSoundCenter\Modules\ScheduledModules\x64;C:\Windows\System32\DriverStore\FileRepository\u0371630.inf_amd64_a96c9babfd295d6e\B371320

VM Arguments:
jvm_args: -Dfile.encoding=UTF-8 -XX:+ShowCodeDetailsInExceptionMessages 
java_command: Proyecto.Menu_Ventas
java_class_path (initial): C:\Users\diego\eclipse-workspace\ProyectoVenta\bin;C:\Users\diego\eclipse-workspace\ProyectoVenta\librerias\gson-2.8.5.jar;C:\Users\diego\eclipse-workspace\ProyectoVenta\librerias\json-simple-1.1.1.jar;C:\Users\diego\eclipse-workspace\ProyectoVenta\librerias\itextpdf-5.4.0.jar
Launcher Type: SUN_STANDARD

[Global flags]
     intx CICompilerCount                          = 12                                        {product} {ergonomic}
     uint ConcGCThreads                            = 3                                         {product} {ergonomic}
     uint G1ConcRefinementThreads                  = 13                                        {product} {ergonomic}
   size_t G1HeapRegionSize                         = 2097152                                   {product} {ergonomic}
    uintx GCDrainStackTargetSize                   = 64                                        {product} {ergonomic}
   size_t InitialHeapSize                          = 257949696                                 {product} {ergonomic}
   size_t MarkStackSize                            = 4194304                                   {product} {ergonomic}
   size_t MaxHeapSize                              = 4127195136                                {product} {ergonomic}
   size_t MaxNewSize                               = 2474639360                                {product} {ergonomic}
   size_t MinHeapDeltaBytes                        = 2097152                                   {product} {ergonomic}
   size_t MinHeapSize                              = 8388608                                   {product} {ergonomic}
    uintx NonNMethodCodeHeapSize                   = 7602480                                {pd product} {ergonomic}
    uintx NonProfiledCodeHeapSize                  = 122027880                              {pd product} {ergonomic}
    uintx ProfiledCodeHeapSize                     = 122027880                              {pd product} {ergonomic}
    uintx ReservedCodeCacheSize                    = 251658240                              {pd product} {ergonomic}
     bool SegmentedCodeCache                       = true                                      {product} {ergonomic}
     bool ShowCodeDetailsInExceptionMessages       = true                                   {manageable} {command line}
   size_t SoftMaxHeapSize                          = 4127195136                             {manageable} {ergonomic}
     bool UseCompressedClassPointers               = true                           {product lp64_product} {ergonomic}
     bool UseCompressedOops                        = true                           {product lp64_product} {ergonomic}
     bool UseG1GC                                  = true                                      {product} {ergonomic}
     bool UseLargePagesIndividualAllocation        = false                                  {pd product} {ergonomic}

Logging:
Log output configuration:
 #0: stdout all=warning uptime,level,tags
 #1: stderr all=off uptime,level,tags

Environment Variables:
PATH=C:\Program Files\Common Files\Oracle\Java\javapath;C:\WINDOWS\system32;C:\WINDOWS;C:\WINDOWS\System32\Wbem;C:\WINDOWS\System32\WindowsPowerShell\v1.0\;C:\WINDOWS\System32\OpenSSH\;C:\Program Files\dotnet\;C:\Users\diego\AppData\Local\Microsoft\WindowsApps;;C:\Users\diego\AppData\Local\Programs\Microsoft VS Code\bin
USERNAME=diego
OS=Windows_NT
PROCESSOR_IDENTIFIER=AMD64 Family 23 Model 96 Stepping 1, AuthenticAMD



---------------  S Y S T E M  ---------------

OS:
 Windows 11 , 64 bit Build 22621 (10.0.22621.1)
OS uptime: 3 days 7:50 hours
Hyper-V role detected

CPU: total 16 (initial active 16) (16 cores per cpu, 2 threads per core) family 23 model 96 stepping 1 microcode 0x0, cx8, cmov, fxsr, ht, mmx, 3dnowpref, sse, sse2, sse3, ssse3, sse4a, sse4.1, sse4.2, popcnt, lzcnt, tsc, tscinvbit, avx, avx2, aes, clmul, bmi1, bmi2, adx, sha, fma, vzeroupper, clflush, clflushopt, hv

Memory: 4k page, system-wide physical 15737M (1755M free)
TotalPageFile size 64889M (AvailPageFile size 2M)
current process WorkingSet (physical memory assigned to process): 77M, peak: 77M
current process commit charge ("private bytes"): 394M, peak: 394M

vm_info: Java HotSpot(TM) 64-Bit Server VM (17.0.2+8-LTS-86) for windows-amd64 JRE (17.0.2+8-LTS-86), built on Dec  7 2021 21:51:03 by "mach5one" with MS VC++ 16.8 / 16.9 (VS2019)

END.
