#
# There is insufficient memory for the Java Runtime Environment to continue.
# Native memory allocation (mmap) failed to map 257949696 bytes for G1 virtual space
# Possible reasons:
#   The system is out of physical RAM or swap space
#   The process is running with CompressedOops enabled, and the Java Heap may be blocking the growth of the native heap
# Possible solutions:
#   Reduce memory load on the system
#   Increase physical memory or swap space
#   Check if swap backing store is full
#   Decrease Java heap size (-Xmx/-Xms)
#   Decrease number of Java threads
#   Decrease Java thread stack sizes (-Xss)
#   Set larger code cache with -XX:ReservedCodeCacheSize=
#   JVM is running with Zero Based Compressed Oops mode in which the Java heap is
#     placed in the first 32GB address space. The Java Heap base address is the
#     maximum limit for the native heap growth. Please use -XX:HeapBaseMinAddress
#     to set the Java Heap base and to place the Java Heap above 32GB virtual address.
# This output file may be truncated or incomplete.
#
#  Out of Memory Error (os_windows.cpp:3532), pid=18216, tid=36116
#
# JRE version:  (17.0.2+8) (build )
# Java VM: Java HotSpot(TM) 64-Bit Server VM (17.0.2+8-LTS-86, mixed mode, sharing, tiered, compressed oops, compressed class ptrs, g1 gc, windows-amd64)
# No core dump will be written. Minidumps are not enabled by default on client versions of Windows
#

---------------  S U M M A R Y ------------

Command Line: -Dfile.encoding=UTF-8 -XX:+ShowCodeDetailsInExceptionMessages Proyecto.Menu_Ventas

Host: AMD Ryzen 7 4800H with Radeon Graphics         , 16 cores, 15G,  Windows 11 , 64 bit Build 22621 (10.0.22621.1)
Time: Thu Jun  9 23:10:14 2022 Hora estándar, América Central elapsed time: 0.027047 seconds (0d 0h 0m 0s)

---------------  T H R E A D  ---------------

Current thread (0x000002161aaf8400):  JavaThread "Unknown thread" [_thread_in_vm, id=36116, stack(0x0000005a10c00000,0x0000005a10d00000)]

Stack: [0x0000005a10c00000,0x0000005a10d00000]
Native frames: (J=compiled Java code, j=interpreted, Vv=VM code, C=native code)
V  [jvm.dll+0x670baa]
V  [jvm.dll+0x7cfcb4]
V  [jvm.dll+0x7d145e]
V  [jvm.dll+0x7d1ac3]
V  [jvm.dll+0x242bc5]
V  [jvm.dll+0x66dac9]
V  [jvm.dll+0x662412]
V  [jvm.dll+0x300c0b]
V  [jvm.dll+0x3081a6]
V  [jvm.dll+0x357d0e]
V  [jvm.dll+0x357f3f]
V  [jvm.dll+0x2d7ec8]
V  [jvm.dll+0x2d8e34]
V  [jvm.dll+0x7a18c1]
V  [jvm.dll+0x365a91]
V  [jvm.dll+0x780d2c]
V  [jvm.dll+0x3e845f]
V  [jvm.dll+0x3e9f01]
C  [jli.dll+0x527b]
C  [ucrtbase.dll+0x29363]
C  [KERNEL32.DLL+0x1244d]
C  [ntdll.dll+0x5df88]


---------------  P R O C E S S  ---------------

Threads class SMR info:
_java_thread_list=0x00007ffd264d9858, length=0, elements={
}

Java Threads: ( => current thread )

Other Threads:
  0x000002161ab49ae0 GCTaskThread "GC Thread#0" [stack: 0x0000005a10d00000,0x0000005a10e00000] [id=35148]
  0x000002161ab5a180 ConcurrentGCThread "G1 Main Marker" [stack: 0x0000005a10e00000,0x0000005a10f00000] [id=35700]
  0x000002161ab5e900 ConcurrentGCThread "G1 Conc#0" [stack: 0x0000005a10f00000,0x0000005a11000000] [id=16092]

[error occurred during error reporting (printing all threads), id 0xc0000005, EXCEPTION_ACCESS_VIOLATION (0xc0000005) at pc=0x00007ffd25d288a7]

VM state: not at safepoint (not fully initialized)

VM Mutex/Monitor currently owned by a thread:  ([mutex/lock_event])
[0x000002161aaf55c0] Heap_lock - owner thread: 0x000002161aaf8400

Heap address: 0x000000070a000000, size: 3936 MB, Compressed Oops mode: Zero based, Oop shift amount: 3

CDS archive(s) mapped at: [0x0000000000000000-0x0000000000000000-0x0000000000000000), size 0, SharedBaseAddress: 0x0000000800000000, ArchiveRelocationMode: 0.
Narrow klass base: 0x0000000000000000, Narrow klass shift: 0, Narrow klass range: 0x0

GC Precious Log:
<Empty>

Heap:
 garbage-first heap   total 0K, used 0K [0x000000070a000000, 0x0000000800000000)
  region size 2048K, 0 young (0K), 0 survivors (0K)

[error occurred during error reporting (printing heap information), id 0xc0000005, EXCEPTION_ACCESS_VIOLATION (0xc0000005) at pc=0x00007ffd26109f19]

GC Heap History (0 events):
No events

Deoptimization events (0 events):
No events

Classes unloaded (0 events):
No events

Classes redefined (0 events):
No events

Internal exceptions (0 events):
No events

VM Operations (0 events):
No events

Events (1 events):
Event: 0.021 Loaded shared library C:\Program Files\Java\jdk-17.0.2\bin\java.dll


Dynamic libraries:
0x00007ff7b3410000 - 0x00007ff7b3420000 	C:\Program Files\Java\jdk-17.0.2\bin\javaw.exe
0x00007ffd82af0000 - 0x00007ffd82d04000 	C:\WINDOWS\SYSTEM32\ntdll.dll
0x00007ffd81960000 - 0x00007ffd81a22000 	C:\WINDOWS\System32\KERNEL32.DLL
0x00007ffd804f0000 - 0x00007ffd8088c000 	C:\WINDOWS\System32\KERNELBASE.dll
0x00007ffd80260000 - 0x00007ffd80371000 	C:\WINDOWS\System32\ucrtbase.dll
0x00007ffd6ce80000 - 0x00007ffd6ce98000 	C:\Program Files\Java\jdk-17.0.2\bin\jli.dll
0x00007ffd6ec70000 - 0x00007ffd6ec8a000 	C:\Program Files\Java\jdk-17.0.2\bin\VCRUNTIME140.dll
0x00007ffd81390000 - 0x00007ffd8143e000 	C:\WINDOWS\System32\ADVAPI32.dll
0x00007ffd81440000 - 0x00007ffd814e7000 	C:\WINDOWS\System32\msvcrt.dll
0x00007ffd812e0000 - 0x00007ffd81384000 	C:\WINDOWS\System32\sechost.dll
0x00007ffd82440000 - 0x00007ffd82555000 	C:\WINDOWS\System32\RPCRT4.dll
0x00007ffd81ab0000 - 0x00007ffd81c5b000 	C:\WINDOWS\System32\USER32.dll
0x00007ffd7ff40000 - 0x00007ffd7ff66000 	C:\WINDOWS\System32\win32u.dll
0x00007ffd82680000 - 0x00007ffd826a9000 	C:\WINDOWS\System32\GDI32.dll
0x00007ffd80080000 - 0x00007ffd80192000 	C:\WINDOWS\System32\gdi32full.dll
0x00007ffd6a630000 - 0x00007ffd6a8be000 	C:\WINDOWS\WinSxS\amd64_microsoft.windows.common-controls_6595b64144ccf1df_6.0.22621.1_none_60e502bd9af5bef0\COMCTL32.dll
0x00007ffd7ff70000 - 0x00007ffd8000a000 	C:\WINDOWS\System32\msvcp_win.dll
0x00007ffd77d70000 - 0x00007ffd77d7a000 	C:\WINDOWS\SYSTEM32\VERSION.dll
0x00007ffd82380000 - 0x00007ffd823b1000 	C:\WINDOWS\System32\IMM32.DLL
0x00007ffd715c0000 - 0x00007ffd715cc000 	C:\Program Files\Java\jdk-17.0.2\bin\vcruntime140_1.dll
0x00007ffd57780000 - 0x00007ffd5780d000 	C:\Program Files\Java\jdk-17.0.2\bin\msvcp140.dll
0x00007ffd25a40000 - 0x00007ffd26601000 	C:\Program Files\Java\jdk-17.0.2\bin\server\jvm.dll
0x00007ffd812d0000 - 0x00007ffd812d8000 	C:\WINDOWS\System32\PSAPI.DLL
0x00007ffd78450000 - 0x00007ffd78484000 	C:\WINDOWS\SYSTEM32\WINMM.dll
0x00007ffd7b270000 - 0x00007ffd7b279000 	C:\WINDOWS\SYSTEM32\WSOCK32.dll
0x00007ffd82200000 - 0x00007ffd82271000 	C:\WINDOWS\System32\WS2_32.dll
0x00007ffd7efb0000 - 0x00007ffd7efc8000 	C:\WINDOWS\SYSTEM32\kernel.appcore.dll
0x00007ffd71420000 - 0x00007ffd7142a000 	C:\Program Files\Java\jdk-17.0.2\bin\jimage.dll
0x00007ffd75160000 - 0x00007ffd7538e000 	C:\WINDOWS\SYSTEM32\DBGHELP.DLL
0x00007ffd826c0000 - 0x00007ffd82a49000 	C:\WINDOWS\System32\combase.dll
0x00007ffd80910000 - 0x00007ffd809e7000 	C:\WINDOWS\System32\OLEAUT32.dll
0x00007ffd6b030000 - 0x00007ffd6b062000 	C:\WINDOWS\SYSTEM32\dbgcore.DLL
0x00007ffd80890000 - 0x00007ffd8090b000 	C:\WINDOWS\System32\bcryptPrimitives.dll
0x00007ffd6ce50000 - 0x00007ffd6ce75000 	C:\Program Files\Java\jdk-17.0.2\bin\java.dll

dbghelp: loaded successfully - version: 4.0.5 - missing functions: none
symbol engine: initialized successfully - sym options: 0x614 - pdb path: .;C:\Program Files\Java\jdk-17.0.2\bin;C:\WINDOWS\SYSTEM32;C:\WINDOWS\WinSxS\amd64_microsoft.windows.common-controls_6595b64144ccf1df_6.0.22621.1_none_60e502bd9af5bef0;C:\Program Files\Java\jdk-17.0.2\bin\server

VM Arguments:
jvm_args: -Dfile.encoding=UTF-8 -XX:+ShowCodeDetailsInExceptionMessages 
java_command: Proyecto.Menu_Ventas
java_class_path (initial): C:\Users\diego\eclipse-workspace\ProyectoVenta\bin;C:\Users\diego\eclipse-workspace\ProyectoVenta\librerias\gson-2.8.5.jar;C:\Users\diego\eclipse-workspace\ProyectoVenta\librerias\json-simple-1.1.1.jar;C:\Users\diego\eclipse-workspace\ProyectoVenta\librerias\itextpdf-5.4.0.jar
Launcher Type: SUN_STANDARD

[Global flags]
     intx CICompilerCount                          = 12                                        {product} {ergonomic}
     uint ConcGCThreads                            = 3                                         {product} {ergonomic}
     uint G1ConcRefinementThreads                  = 13                                        {product} {ergonomic}
   size_t G1HeapRegionSize                         = 2097152                                   {product} {ergonomic}
    uintx GCDrainStackTargetSize                   = 64                                        {product} {ergonomic}
   size_t InitialHeapSize                          = 257949696                                 {product} {ergonomic}
   size_t MarkStackSize                            = 4194304                                   {product} {ergonomic}
   size_t MaxHeapSize                              = 4127195136                                {product} {ergonomic}
   size_t MinHeapDeltaBytes                        = 2097152                                   {product} {ergonomic}
   size_t MinHeapSize                              = 8388608                                   {product} {ergonomic}
    uintx NonNMethodCodeHeapSize                   = 7602480                                {pd product} {ergonomic}
    uintx NonProfiledCodeHeapSize                  = 122027880                              {pd product} {ergonomic}
    uintx ProfiledCodeHeapSize                     = 122027880                              {pd product} {ergonomic}
    uintx ReservedCodeCacheSize                    = 251658240                              {pd product} {ergonomic}
     bool SegmentedCodeCache                       = true                                      {product} {ergonomic}
     bool ShowCodeDetailsInExceptionMessages       = true                                   {manageable} {command line}
   size_t SoftMaxHeapSize                          = 4127195136                             {manageable} {ergonomic}
     bool UseCompressedClassPointers               = true                           {product lp64_product} {ergonomic}
     bool UseCompressedOops                        = true                           {product lp64_product} {ergonomic}
     bool UseG1GC                                  = true                                      {product} {ergonomic}
     bool UseLargePagesIndividualAllocation        = false                                  {pd product} {ergonomic}

Logging:
Log output configuration:
 #0: stdout all=warning uptime,level,tags
 #1: stderr all=off uptime,level,tags

Environment Variables:
PATH=C:\Program Files\Common Files\Oracle\Java\javapath;C:\WINDOWS\system32;C:\WINDOWS;C:\WINDOWS\System32\Wbem;C:\WINDOWS\System32\WindowsPowerShell\v1.0\;C:\WINDOWS\System32\OpenSSH\;C:\Program Files\dotnet\;C:\Users\diego\AppData\Local\Microsoft\WindowsApps;;C:\Users\diego\AppData\Local\Programs\Microsoft VS Code\bin
USERNAME=diego
OS=Windows_NT
PROCESSOR_IDENTIFIER=AMD64 Family 23 Model 96 Stepping 1, AuthenticAMD



---------------  S Y S T E M  ---------------

OS:
 Windows 11 , 64 bit Build 22621 (10.0.22621.1)
OS uptime: 3 days 7:55 hours
Hyper-V role detected

CPU: total 16 (initial active 16) (16 cores per cpu, 2 threads per core) family 23 model 96 stepping 1 microcode 0x0, cx8, cmov, fxsr, ht, mmx, 3dnowpref, sse, sse2, sse3, ssse3, sse4a, sse4.1, sse4.2, popcnt, lzcnt, tsc, tscinvbit, avx, avx2, aes, clmul, bmi1, bmi2, adx, sha, fma, vzeroupper, clflush, clflushopt, hv

Memory: 4k page, system-wide physical 15737M (824M free)
TotalPageFile size 64889M (AvailPageFile size 74M)
current process WorkingSet (physical memory assigned to process): 11M, peak: 11M
current process commit charge ("private bytes"): 70M, peak: 316M

vm_info: Java HotSpot(TM) 64-Bit Server VM (17.0.2+8-LTS-86) for windows-amd64 JRE (17.0.2+8-LTS-86), built on Dec  7 2021 21:51:03 by "mach5one" with MS VC++ 16.8 / 16.9 (VS2019)

END.
